#
# There is insufficient memory for the Java Runtime Environment to continue.
# Native memory allocation (mmap) failed to map 143654912 bytes for G1 virtual space
# Possible reasons:
#   The system is out of physical RAM or swap space
#   The process is running with CompressedOops enabled, and the Java Heap may be blocking the growth of the native heap
# Possible solutions:
#   Reduce memory load on the system
#   Increase physical memory or swap space
#   Check if swap backing store is full
#   Decrease Java heap size (-Xmx/-Xms)
#   Decrease number of Java threads
#   Decrease Java thread stack sizes (-Xss)
#   Set larger code cache with -XX:ReservedCodeCacheSize=
#   JVM is running with Unscaled Compressed Oops mode in which the Java heap is
#     placed in the first 4GB address space. The Java Heap base address is the
#     maximum limit for the native heap growth. Please use -XX:HeapBaseMinAddress
#     to set the Java Heap base and to place the Java Heap above 4GB virtual address.
# This output file may be truncated or incomplete.
#
#  Out of Memory Error (os_windows.cpp:3550), pid=16692, tid=6628
#
# JRE version: Java(TM) SE Runtime Environment (17.0.8+9) (build 17.0.8+9-LTS-211)
# Java VM: Java HotSpot(TM) 64-Bit Server VM (17.0.8+9-LTS-211, mixed mode, sharing, tiered, compressed oops, compressed class ptrs, g1 gc, windows-amd64)
# No core dump will be written. Minidumps are not enabled by default on client versions of Windows
#

---------------  S U M M A R Y ------------

Command Line: -Dfile.encoding=UTF-8 Forms.Login

Host: 11th Gen Intel(R) Core(TM) i7-1165G7 @ 2.80GHz, 8 cores, 7G,  Windows 11 , 64 bit Build 22621 (10.0.22621.3078)
Time: Mon Jan 15 21:47:45 2024 SE Asia Standard Time elapsed time: 4.052616 seconds (0d 0h 0m 4s)

---------------  T H R E A D  ---------------

Current thread (0x000001d1d36ee200):  VMThread "VM Thread" [stack: 0x00000038d3400000,0x00000038d3500000] [id=6628]

Stack: [0x00000038d3400000,0x00000038d3500000]
Native frames: (J=compiled Java code, j=interpreted, Vv=VM code, C=native code)
V  [jvm.dll+0x677d0a]
V  [jvm.dll+0x7d8c54]
V  [jvm.dll+0x7da3fe]
V  [jvm.dll+0x7daa63]
V  [jvm.dll+0x245c5f]
V  [jvm.dll+0x674bb9]
V  [jvm.dll+0x6694f2]
V  [jvm.dll+0x3031d6]
V  [jvm.dll+0x30a756]
V  [jvm.dll+0x359f9e]
V  [jvm.dll+0x35a1cf]
V  [jvm.dll+0x2da3e8]
V  [jvm.dll+0x2d87f5]
V  [jvm.dll+0x2d7dfc]
V  [jvm.dll+0x31b7f1]
V  [jvm.dll+0x7df26b]
V  [jvm.dll+0x7dffa4]
V  [jvm.dll+0x7e04bd]
V  [jvm.dll+0x7e0894]
V  [jvm.dll+0x7e0960]
V  [jvm.dll+0x788bba]
V  [jvm.dll+0x676b35]
C  [ucrtbase.dll+0x29363]
C  [KERNEL32.DLL+0x1257d]
C  [ntdll.dll+0x5aa58]

VM_Operation (0x00000038d44fd9f8): G1TryInitiateConcMark, mode: safepoint, requested by thread 0x000001d1d3c07ae0


---------------  P R O C E S S  ---------------

Threads class SMR info:
_java_thread_list=0x000001d219977b00, length=18, elements={
0x000001d1d36f24a0, 0x000001d1d36f4e60, 0x000001d1d37083f0, 0x000001d1d37091b0,
0x000001d1d370cba0, 0x000001d1d370db70, 0x000001d1d3717540, 0x000001d1d37185f0,
0x000001d1d3719a10, 0x000001d1d3970e50, 0x000001d1d397a760, 0x000001d1d3b7d8b0,
0x000001d1d3b81d90, 0x000001d1d3b82c80, 0x000001d1d3c07ae0, 0x000001d1b5770540,
0x000001d1d3c56b40, 0x000001d21989edb0
}

Java Threads: ( => current thread )
  0x000001d1d36f24a0 JavaThread "Reference Handler" daemon [_thread_blocked, id=15916, stack(0x00000038d3500000,0x00000038d3600000)]
  0x000001d1d36f4e60 JavaThread "Finalizer" daemon [_thread_blocked, id=9868, stack(0x00000038d3600000,0x00000038d3700000)]
  0x000001d1d37083f0 JavaThread "Signal Dispatcher" daemon [_thread_blocked, id=15336, stack(0x00000038d3700000,0x00000038d3800000)]
  0x000001d1d37091b0 JavaThread "Attach Listener" daemon [_thread_blocked, id=7920, stack(0x00000038d3800000,0x00000038d3900000)]
  0x000001d1d370cba0 JavaThread "Service Thread" daemon [_thread_blocked, id=16188, stack(0x00000038d3900000,0x00000038d3a00000)]
  0x000001d1d370db70 JavaThread "Monitor Deflation Thread" daemon [_thread_blocked, id=6616, stack(0x00000038d3a00000,0x00000038d3b00000)]
  0x000001d1d3717540 JavaThread "C2 CompilerThread0" daemon [_thread_blocked, id=9844, stack(0x00000038d3b00000,0x00000038d3c00000)]
  0x000001d1d37185f0 JavaThread "C1 CompilerThread0" daemon [_thread_blocked, id=3252, stack(0x00000038d3c00000,0x00000038d3d00000)]
  0x000001d1d3719a10 JavaThread "Sweeper thread" daemon [_thread_blocked, id=9052, stack(0x00000038d3d00000,0x00000038d3e00000)]
  0x000001d1d3970e50 JavaThread "Notification Thread" daemon [_thread_blocked, id=5620, stack(0x00000038d3e00000,0x00000038d3f00000)]
  0x000001d1d397a760 JavaThread "Common-Cleaner" daemon [_thread_blocked, id=2132, stack(0x00000038d4000000,0x00000038d4100000)]
  0x000001d1d3b7d8b0 JavaThread "Java2D Disposer" daemon [_thread_blocked, id=12452, stack(0x00000038d4100000,0x00000038d4200000)]
  0x000001d1d3b81d90 JavaThread "AWT-Shutdown" [_thread_blocked, id=1932, stack(0x00000038d4200000,0x00000038d4300000)]
  0x000001d1d3b82c80 JavaThread "AWT-Windows" daemon [_thread_in_native, id=14632, stack(0x00000038d4300000,0x00000038d4400000)]
  0x000001d1d3c07ae0 JavaThread "AWT-EventQueue-0" [_thread_blocked, id=1696, stack(0x00000038d4400000,0x00000038d4500000)]
  0x000001d1b5770540 JavaThread "DestroyJavaVM" [_thread_blocked, id=6284, stack(0x00000038d2e00000,0x00000038d2f00000)]
  0x000001d1d3c56b40 JavaThread "Image Fetcher 0" daemon [_thread_blocked, id=7616, stack(0x00000038d4500000,0x00000038d4600000)]
  0x000001d21989edb0 JavaThread "TimerQueue" daemon [_thread_blocked, id=17116, stack(0x00000038d5000000,0x00000038d5100000)]

Other Threads:
=>0x000001d1d36ee200 VMThread "VM Thread" [stack: 0x00000038d3400000,0x00000038d3500000] [id=6628]
  0x000001d1b582d4e0 WatcherThread [stack: 0x00000038d3f00000,0x00000038d4000000] [id=16044]
  0x000001d1b57c9dc0 GCTaskThread "GC Thread#0" [stack: 0x00000038d2f00000,0x00000038d3000000] [id=10200]
  0x000001d21980f3f0 GCTaskThread "GC Thread#1" [stack: 0x00000038d4600000,0x00000038d4700000] [id=4612]
  0x000001d219837f00 GCTaskThread "GC Thread#2" [stack: 0x00000038d4700000,0x00000038d4800000] [id=14132]
  0x000001d2198381b0 GCTaskThread "GC Thread#3" [stack: 0x00000038d4800000,0x00000038d4900000] [id=12360]
  0x000001d219838460 GCTaskThread "GC Thread#4" [stack: 0x00000038d4900000,0x00000038d4a00000] [id=17404]
  0x000001d219838710 GCTaskThread "GC Thread#5" [stack: 0x00000038d4a00000,0x00000038d4b00000] [id=1276]
  0x000001d21985b920 GCTaskThread "GC Thread#6" [stack: 0x00000038d4b00000,0x00000038d4c00000] [id=15800]
  0x000001d21985bbd0 GCTaskThread "GC Thread#7" [stack: 0x00000038d4c00000,0x00000038d4d00000] [id=12472]
  0x000001d1b57da480 ConcurrentGCThread "G1 Main Marker" [stack: 0x00000038d3000000,0x00000038d3100000] [id=11968]
  0x000001d1b57dbea0 ConcurrentGCThread "G1 Conc#0" [stack: 0x00000038d3100000,0x00000038d3200000] [id=8352]
  0x000001d1d3598d60 ConcurrentGCThread "G1 Refine#0" [stack: 0x00000038d3200000,0x00000038d3300000] [id=15692]
  0x000001d1d3599690 ConcurrentGCThread "G1 Service" [stack: 0x00000038d3300000,0x00000038d3400000] [id=11412]

Threads with active compile tasks:

VM state: at safepoint (normal execution)

VM Mutex/Monitor currently owned by a thread:  ([mutex/lock_event])
[0x000001d1b576b160] Threads_lock - owner thread: 0x000001d1d36ee200
[0x000001d1b576b3a0] Heap_lock - owner thread: 0x000001d1d3c07ae0

Heap address: 0x0000000084400000, size: 1980 MB, Compressed Oops mode: 32-bit

CDS archive(s) mapped at: [0x000001d1d4000000-0x000001d1d4bd0000-0x000001d1d4bd0000), size 12386304, SharedBaseAddress: 0x000001d1d4000000, ArchiveRelocationMode: 1.
Compressed class space mapped at: 0x000001d1d5000000-0x000001d215000000, reserved size: 1073741824
Narrow klass base: 0x000001d1d4000000, Narrow klass shift: 0, Narrow klass range: 0x100000000

GC Precious Log:
 CPUs: 8 total, 8 available
 Memory: 7914M
 Large Page Support: Disabled
 NUMA Support: Disabled
 Compressed Oops: Enabled (32-bit)
 Heap Region Size: 1M
 Heap Min Capacity: 8M
 Heap Initial Capacity: 124M
 Heap Max Capacity: 1980M
 Pre-touch: Disabled
 Parallel Workers: 8
 Concurrent Workers: 2
 Concurrent Refinement Workers: 8
 Periodic GC: Disabled

Heap:
 garbage-first heap   total 185344K, used 79320K [0x0000000084400000, 0x0000000100000000)
  region size 1024K, 4 young (4096K), 4 survivors (4096K)
 Metaspace       used 9671K, committed 9856K, reserved 1114112K
  class space    used 1094K, committed 1216K, reserved 1048576K

Heap Regions: E=young(eden), S=young(survivor), O=old, HS=humongous(starts), HC=humongous(continues), CS=collection set, F=free, OA=open archive, CA=closed archive, TAMS=top-at-mark-start (previous, next)
|   0|0x0000000084400000, 0x0000000084500000, 0x0000000084500000|100%|HS|  |TAMS 0x0000000084400000, 0x0000000084500000| Complete 
|   1|0x0000000084500000, 0x0000000084600000, 0x0000000084600000|100%|HC|  |TAMS 0x0000000084500000, 0x0000000084600000| Complete 
|   2|0x0000000084600000, 0x0000000084700000, 0x0000000084700000|100%|HC|  |TAMS 0x0000000084600000, 0x0000000084700000| Complete 
|   3|0x0000000084700000, 0x0000000084800000, 0x0000000084800000|100%|HC|  |TAMS 0x0000000084700000, 0x0000000084800000| Complete 
|   4|0x0000000084800000, 0x0000000084900000, 0x0000000084900000|100%|HC|  |TAMS 0x0000000084800000, 0x0000000084900000| Complete 
|   5|0x0000000084900000, 0x0000000084a00000, 0x0000000084a00000|100%|HC|  |TAMS 0x0000000084900000, 0x0000000084a00000| Complete 
|   6|0x0000000084a00000, 0x0000000084b00000, 0x0000000084b00000|100%|HC|  |TAMS 0x0000000084a00000, 0x0000000084b00000| Complete 
|   7|0x0000000084b00000, 0x0000000084c00000, 0x0000000084c00000|100%|HC|  |TAMS 0x0000000084b00000, 0x0000000084c00000| Complete 
|   8|0x0000000084c00000, 0x0000000084d00000, 0x0000000084d00000|100%|HC|  |TAMS 0x0000000084c00000, 0x0000000084d00000| Complete 
|   9|0x0000000084d00000, 0x0000000084e00000, 0x0000000084e00000|100%|HC|  |TAMS 0x0000000084d00000, 0x0000000084e00000| Complete 
|  10|0x0000000084e00000, 0x0000000084f00000, 0x0000000084f00000|100%|HC|  |TAMS 0x0000000084e00000, 0x0000000084f00000| Complete 
|  11|0x0000000084f00000, 0x0000000085000000, 0x0000000085000000|100%|HC|  |TAMS 0x0000000084f00000, 0x0000000085000000| Complete 
|  12|0x0000000085000000, 0x0000000085100000, 0x0000000085100000|100%|HC|  |TAMS 0x0000000085000000, 0x0000000085100000| Complete 
|  13|0x0000000085100000, 0x0000000085200000, 0x0000000085200000|100%|HC|  |TAMS 0x0000000085100000, 0x0000000085200000| Complete 
|  14|0x0000000085200000, 0x0000000085300000, 0x0000000085300000|100%|HC|  |TAMS 0x0000000085200000, 0x0000000085300000| Complete 
|  15|0x0000000085300000, 0x0000000085400000, 0x0000000085400000|100%|HC|  |TAMS 0x0000000085300000, 0x0000000085400000| Complete 
|  16|0x0000000085400000, 0x0000000085500000, 0x0000000085500000|100%|HC|  |TAMS 0x0000000085400000, 0x0000000085500000| Complete 
|  17|0x0000000085500000, 0x0000000085600000, 0x0000000085600000|100%|HC|  |TAMS 0x0000000085500000, 0x0000000085600000| Complete 
|  18|0x0000000085600000, 0x0000000085700000, 0x0000000085700000|100%|HC|  |TAMS 0x0000000085600000, 0x0000000085700000| Complete 
|  19|0x0000000085700000, 0x0000000085800000, 0x0000000085800000|100%|HC|  |TAMS 0x0000000085700000, 0x0000000085800000| Complete 
|  20|0x0000000085800000, 0x0000000085900000, 0x0000000085900000|100%|HC|  |TAMS 0x0000000085800000, 0x0000000085900000| Complete 
|  21|0x0000000085900000, 0x0000000085a00000, 0x0000000085a00000|100%|HC|  |TAMS 0x0000000085900000, 0x0000000085a00000| Complete 
|  22|0x0000000085a00000, 0x0000000085b00000, 0x0000000085b00000|100%|HC|  |TAMS 0x0000000085a00000, 0x0000000085b00000| Complete 
|  23|0x0000000085b00000, 0x0000000085c00000, 0x0000000085c00000|100%|HC|  |TAMS 0x0000000085b00000, 0x0000000085c00000| Complete 
|  24|0x0000000085c00000, 0x0000000085d00000, 0x0000000085d00000|100%|HC|  |TAMS 0x0000000085c00000, 0x0000000085d00000| Complete 
|  25|0x0000000085d00000, 0x0000000085e00000, 0x0000000085e00000|100%|HC|  |TAMS 0x0000000085d00000, 0x0000000085e00000| Complete 
|  26|0x0000000085e00000, 0x0000000085f00000, 0x0000000085f00000|100%|HC|  |TAMS 0x0000000085e00000, 0x0000000085f00000| Complete 
|  27|0x0000000085f00000, 0x0000000086000000, 0x0000000086000000|100%|HC|  |TAMS 0x0000000085f00000, 0x0000000086000000| Complete 
|  28|0x0000000086000000, 0x0000000086100000, 0x0000000086100000|100%|HC|  |TAMS 0x0000000086000000, 0x0000000086100000| Complete 
|  29|0x0000000086100000, 0x0000000086200000, 0x0000000086200000|100%|HC|  |TAMS 0x0000000086100000, 0x0000000086200000| Complete 
|  30|0x0000000086200000, 0x0000000086300000, 0x0000000086300000|100%|HC|  |TAMS 0x0000000086200000, 0x0000000086300000| Complete 
|  31|0x0000000086300000, 0x0000000086400000, 0x0000000086400000|100%|HC|  |TAMS 0x0000000086300000, 0x0000000086400000| Complete 
|  32|0x0000000086400000, 0x0000000086500000, 0x0000000086500000|100%|HS|  |TAMS 0x0000000086400000, 0x0000000086500000| Complete 
|  33|0x0000000086500000, 0x0000000086600000, 0x0000000086600000|100%|HC|  |TAMS 0x0000000086500000, 0x0000000086600000| Complete 
|  34|0x0000000086600000, 0x0000000086700000, 0x0000000086700000|100%|HC|  |TAMS 0x0000000086600000, 0x0000000086700000| Complete 
|  35|0x0000000086700000, 0x0000000086800000, 0x0000000086800000|100%|HC|  |TAMS 0x0000000086700000, 0x0000000086800000| Complete 
|  36|0x0000000086800000, 0x0000000086900000, 0x0000000086900000|100%|HC|  |TAMS 0x0000000086800000, 0x0000000086900000| Complete 
|  37|0x0000000086900000, 0x0000000086a00000, 0x0000000086a00000|100%|HC|  |TAMS 0x0000000086900000, 0x0000000086a00000| Complete 
|  38|0x0000000086a00000, 0x0000000086b00000, 0x0000000086b00000|100%|HS|  |TAMS 0x0000000086a00000, 0x0000000086b00000| Complete 
|  39|0x0000000086b00000, 0x0000000086c00000, 0x0000000086c00000|100%|HC|  |TAMS 0x0000000086b00000, 0x0000000086c00000| Complete 
|  40|0x0000000086c00000, 0x0000000086d00000, 0x0000000086d00000|100%|HC|  |TAMS 0x0000000086c00000, 0x0000000086d00000| Complete 
|  41|0x0000000086d00000, 0x0000000086e00000, 0x0000000086e00000|100%|HS|  |TAMS 0x0000000086d00000, 0x0000000086e00000| Complete 
|  42|0x0000000086e00000, 0x0000000086f00000, 0x0000000086f00000|100%|HC|  |TAMS 0x0000000086e00000, 0x0000000086f00000| Complete 
|  43|0x0000000086f00000, 0x0000000087000000, 0x0000000087000000|100%|HC|  |TAMS 0x0000000086f00000, 0x0000000087000000| Complete 
|  44|0x0000000087000000, 0x0000000087000000, 0x0000000087100000|  0%| F|  |TAMS 0x0000000087000000, 0x0000000087000000| Untracked 
|  45|0x0000000087100000, 0x0000000087100000, 0x0000000087200000|  0%| F|  |TAMS 0x0000000087100000, 0x0000000087100000| Untracked 
|  46|0x0000000087200000, 0x0000000087300000, 0x0000000087300000|100%|HS|  |TAMS 0x0000000087200000, 0x0000000087300000| Complete 
|  47|0x0000000087300000, 0x0000000087400000, 0x0000000087400000|100%|HC|  |TAMS 0x0000000087300000, 0x0000000087400000| Complete 
|  48|0x0000000087400000, 0x0000000087500000, 0x0000000087500000|100%|HC|  |TAMS 0x0000000087400000, 0x0000000087500000| Complete 
|  49|0x0000000087500000, 0x0000000087600000, 0x0000000087600000|100%|HS|  |TAMS 0x0000000087500000, 0x0000000087600000| Complete 
|  50|0x0000000087600000, 0x0000000087700000, 0x0000000087700000|100%|HC|  |TAMS 0x0000000087600000, 0x0000000087700000| Complete 
|  51|0x0000000087700000, 0x0000000087800000, 0x0000000087800000|100%|HC|  |TAMS 0x0000000087700000, 0x0000000087800000| Complete 
|  52|0x0000000087800000, 0x0000000087800000, 0x0000000087900000|  0%| F|  |TAMS 0x0000000087800000, 0x0000000087800000| Untracked 
|  53|0x0000000087900000, 0x0000000087900000, 0x0000000087a00000|  0%| F|  |TAMS 0x0000000087900000, 0x0000000087900000| Untracked 
|  54|0x0000000087a00000, 0x0000000087a00000, 0x0000000087b00000|  0%| F|  |TAMS 0x0000000087a00000, 0x0000000087a00000| Untracked 
|  55|0x0000000087b00000, 0x0000000087b00000, 0x0000000087c00000|  0%| F|  |TAMS 0x0000000087b00000, 0x0000000087b00000| Untracked 
|  56|0x0000000087c00000, 0x0000000087c00000, 0x0000000087d00000|  0%| F|  |TAMS 0x0000000087c00000, 0x0000000087c00000| Untracked 
|  57|0x0000000087d00000, 0x0000000087d00000, 0x0000000087e00000|  0%| F|  |TAMS 0x0000000087d00000, 0x0000000087d00000| Untracked 
|  58|0x0000000087e00000, 0x0000000087f00000, 0x0000000087f00000|100%|HS|  |TAMS 0x0000000087e00000, 0x0000000087f00000| Complete 
|  59|0x0000000087f00000, 0x0000000088000000, 0x0000000088000000|100%|HC|  |TAMS 0x0000000087f00000, 0x0000000088000000| Complete 
|  60|0x0000000088000000, 0x0000000088100000, 0x0000000088100000|100%|HC|  |TAMS 0x0000000088000000, 0x0000000088100000| Complete 
|  61|0x0000000088100000, 0x0000000088200000, 0x0000000088200000|100%|HS|  |TAMS 0x0000000088100000, 0x0000000088200000| Complete 
|  62|0x0000000088200000, 0x0000000088300000, 0x0000000088300000|100%|HC|  |TAMS 0x0000000088200000, 0x0000000088300000| Complete 
|  63|0x0000000088300000, 0x0000000088400000, 0x0000000088400000|100%|HC|  |TAMS 0x0000000088300000, 0x0000000088400000| Complete 
|  64|0x0000000088400000, 0x0000000088500000, 0x0000000088500000|100%|HS|  |TAMS 0x0000000088400000, 0x0000000088500000| Complete 
|  65|0x0000000088500000, 0x0000000088600000, 0x0000000088600000|100%|HC|  |TAMS 0x0000000088500000, 0x0000000088600000| Complete 
|  66|0x0000000088600000, 0x0000000088700000, 0x0000000088700000|100%|HC|  |TAMS 0x0000000088600000, 0x0000000088700000| Complete 
|  67|0x0000000088700000, 0x0000000088800000, 0x0000000088800000|100%|HS|  |TAMS 0x0000000088700000, 0x0000000088800000| Complete 
|  68|0x0000000088800000, 0x0000000088900000, 0x0000000088900000|100%|HC|  |TAMS 0x0000000088800000, 0x0000000088900000| Complete 
|  69|0x0000000088900000, 0x0000000088a00000, 0x0000000088a00000|100%|HC|  |TAMS 0x0000000088900000, 0x0000000088a00000| Complete 
|  70|0x0000000088a00000, 0x0000000088b00000, 0x0000000088b00000|100%|HS|  |TAMS 0x0000000088a00000, 0x0000000088b00000| Complete 
|  71|0x0000000088b00000, 0x0000000088c00000, 0x0000000088c00000|100%|HC|  |TAMS 0x0000000088b00000, 0x0000000088c00000| Complete 
|  72|0x0000000088c00000, 0x0000000088d00000, 0x0000000088d00000|100%|HC|  |TAMS 0x0000000088c00000, 0x0000000088d00000| Complete 
|  73|0x0000000088d00000, 0x0000000088e00000, 0x0000000088e00000|100%|HS|  |TAMS 0x0000000088d00000, 0x0000000088e00000| Complete 
|  74|0x0000000088e00000, 0x0000000088f00000, 0x0000000088f00000|100%|HC|  |TAMS 0x0000000088e00000, 0x0000000088f00000| Complete 
|  75|0x0000000088f00000, 0x0000000089000000, 0x0000000089000000|100%|HC|  |TAMS 0x0000000088f00000, 0x0000000089000000| Complete 
|  76|0x0000000089000000, 0x0000000089100000, 0x0000000089100000|100%|HS|  |TAMS 0x0000000089000000, 0x0000000089100000| Complete 
|  77|0x0000000089100000, 0x0000000089200000, 0x0000000089200000|100%|HC|  |TAMS 0x0000000089100000, 0x0000000089200000| Complete 
|  78|0x0000000089200000, 0x0000000089300000, 0x0000000089300000|100%|HC|  |TAMS 0x0000000089200000, 0x0000000089300000| Complete 
|  79|0x0000000089300000, 0x0000000089400000, 0x0000000089400000|100%|HS|  |TAMS 0x0000000089300000, 0x0000000089400000| Complete 
|  80|0x0000000089400000, 0x0000000089500000, 0x0000000089500000|100%|HC|  |TAMS 0x0000000089400000, 0x0000000089500000| Complete 
|  81|0x0000000089500000, 0x0000000089600000, 0x0000000089600000|100%|HC|  |TAMS 0x0000000089500000, 0x0000000089600000| Complete 
|  82|0x0000000089600000, 0x0000000089600000, 0x0000000089700000|  0%| F|  |TAMS 0x0000000089600000, 0x0000000089600000| Untracked 
|  83|0x0000000089700000, 0x0000000089700000, 0x0000000089800000|  0%| F|  |TAMS 0x0000000089700000, 0x0000000089700000| Untracked 
|  84|0x0000000089800000, 0x0000000089800000, 0x0000000089900000|  0%| F|  |TAMS 0x0000000089800000, 0x0000000089800000| Untracked 
|  85|0x0000000089900000, 0x0000000089900000, 0x0000000089a00000|  0%| F|  |TAMS 0x0000000089900000, 0x0000000089900000| Untracked 
|  86|0x0000000089a00000, 0x0000000089a00000, 0x0000000089b00000|  0%| F|  |TAMS 0x0000000089a00000, 0x0000000089a00000| Untracked 
|  87|0x0000000089b00000, 0x0000000089b00000, 0x0000000089c00000|  0%| F|  |TAMS 0x0000000089b00000, 0x0000000089b00000| Untracked 
|  88|0x0000000089c00000, 0x0000000089c00000, 0x0000000089d00000|  0%| F|  |TAMS 0x0000000089c00000, 0x0000000089c00000| Untracked 
|  89|0x0000000089d00000, 0x0000000089d00000, 0x0000000089e00000|  0%| F|  |TAMS 0x0000000089d00000, 0x0000000089d00000| Untracked 
|  90|0x0000000089e00000, 0x0000000089e00000, 0x0000000089f00000|  0%| F|  |TAMS 0x0000000089e00000, 0x0000000089e00000| Untracked 
|  91|0x0000000089f00000, 0x0000000089f00000, 0x000000008a000000|  0%| F|  |TAMS 0x0000000089f00000, 0x0000000089f00000| Untracked 
|  92|0x000000008a000000, 0x000000008a000000, 0x000000008a100000|  0%| F|  |TAMS 0x000000008a000000, 0x000000008a000000| Untracked 
|  93|0x000000008a100000, 0x000000008a100000, 0x000000008a200000|  0%| F|  |TAMS 0x000000008a100000, 0x000000008a100000| Untracked 
|  94|0x000000008a200000, 0x000000008a200000, 0x000000008a300000|  0%| F|  |TAMS 0x000000008a200000, 0x000000008a200000| Untracked 
|  95|0x000000008a300000, 0x000000008a300000, 0x000000008a400000|  0%| F|  |TAMS 0x000000008a300000, 0x000000008a300000| Untracked 
|  96|0x000000008a400000, 0x000000008a400000, 0x000000008a500000|  0%| F|  |TAMS 0x000000008a400000, 0x000000008a400000| Untracked 
|  97|0x000000008a500000, 0x000000008a500000, 0x000000008a600000|  0%| F|  |TAMS 0x000000008a500000, 0x000000008a500000| Untracked 
|  98|0x000000008a600000, 0x000000008a600000, 0x000000008a700000|  0%| F|  |TAMS 0x000000008a600000, 0x000000008a600000| Untracked 
|  99|0x000000008a700000, 0x000000008a700000, 0x000000008a800000|  0%| F|  |TAMS 0x000000008a700000, 0x000000008a700000| Untracked 
| 100|0x000000008a800000, 0x000000008a800000, 0x000000008a900000|  0%| F|  |TAMS 0x000000008a800000, 0x000000008a800000| Untracked 
| 101|0x000000008a900000, 0x000000008a900000, 0x000000008aa00000|  0%| F|  |TAMS 0x000000008a900000, 0x000000008a900000| Untracked 
| 102|0x000000008aa00000, 0x000000008aa00000, 0x000000008ab00000|  0%| F|  |TAMS 0x000000008aa00000, 0x000000008aa00000| Untracked 
| 103|0x000000008ab00000, 0x000000008ab00000, 0x000000008ac00000|  0%| F|  |TAMS 0x000000008ab00000, 0x000000008ab00000| Untracked 
| 104|0x000000008ac00000, 0x000000008ac00000, 0x000000008ad00000|  0%| F|  |TAMS 0x000000008ac00000, 0x000000008ac00000| Untracked 
| 105|0x000000008ad00000, 0x000000008ad00000, 0x000000008ae00000|  0%| F|  |TAMS 0x000000008ad00000, 0x000000008ad00000| Untracked 
| 106|0x000000008ae00000, 0x000000008ae00000, 0x000000008af00000|  0%| F|  |TAMS 0x000000008ae00000, 0x000000008ae00000| Untracked 
| 107|0x000000008af00000, 0x000000008af00000, 0x000000008b000000|  0%| F|  |TAMS 0x000000008af00000, 0x000000008af00000| Untracked 
| 108|0x000000008b000000, 0x000000008b000000, 0x000000008b100000|  0%| F|  |TAMS 0x000000008b000000, 0x000000008b000000| Untracked 
| 109|0x000000008b100000, 0x000000008b100000, 0x000000008b200000|  0%| F|  |TAMS 0x000000008b100000, 0x000000008b100000| Untracked 
| 110|0x000000008b200000, 0x000000008b200000, 0x000000008b300000|  0%| F|  |TAMS 0x000000008b200000, 0x000000008b200000| Untracked 
| 111|0x000000008b300000, 0x000000008b300000, 0x000000008b400000|  0%| F|  |TAMS 0x000000008b300000, 0x000000008b300000| Untracked 
| 112|0x000000008b400000, 0x000000008b400000, 0x000000008b500000|  0%| F|  |TAMS 0x000000008b400000, 0x000000008b400000| Untracked 
| 113|0x000000008b500000, 0x000000008b500000, 0x000000008b600000|  0%| F|  |TAMS 0x000000008b500000, 0x000000008b500000| Untracked 
| 114|0x000000008b600000, 0x000000008b600000, 0x000000008b700000|  0%| F|  |TAMS 0x000000008b600000, 0x000000008b600000| Untracked 
| 115|0x000000008b700000, 0x000000008b700000, 0x000000008b800000|  0%| F|  |TAMS 0x000000008b700000, 0x000000008b700000| Untracked 
| 116|0x000000008b800000, 0x000000008b800000, 0x000000008b900000|  0%| F|  |TAMS 0x000000008b800000, 0x000000008b800000| Untracked 
| 117|0x000000008b900000, 0x000000008b900000, 0x000000008ba00000|  0%| F|  |TAMS 0x000000008b900000, 0x000000008b900000| Untracked 
| 118|0x000000008ba00000, 0x000000008ba00000, 0x000000008bb00000|  0%| F|  |TAMS 0x000000008ba00000, 0x000000008ba00000| Untracked 
| 119|0x000000008bb00000, 0x000000008bb00000, 0x000000008bc00000|  0%| F|  |TAMS 0x000000008bb00000, 0x000000008bb00000| Untracked 
| 120|0x000000008bc00000, 0x000000008bc00000, 0x000000008bd00000|  0%| F|  |TAMS 0x000000008bc00000, 0x000000008bc00000| Untracked 
| 121|0x000000008bd00000, 0x000000008bd00000, 0x000000008be00000|  0%| F|  |TAMS 0x000000008bd00000, 0x000000008bd00000| Untracked 
| 122|0x000000008be00000, 0x000000008be00000, 0x000000008bf00000|  0%| F|  |TAMS 0x000000008be00000, 0x000000008be00000| Untracked 
| 123|0x000000008bf00000, 0x000000008bf00000, 0x000000008c000000|  0%| F|  |TAMS 0x000000008bf00000, 0x000000008bf00000| Untracked 
| 124|0x000000008c000000, 0x000000008c000000, 0x000000008c100000|  0%| F|  |TAMS 0x000000008c000000, 0x000000008c000000| Untracked 
| 125|0x000000008c100000, 0x000000008c100000, 0x000000008c200000|  0%| F|  |TAMS 0x000000008c100000, 0x000000008c100000| Untracked 
| 126|0x000000008c200000, 0x000000008c200000, 0x000000008c300000|  0%| F|  |TAMS 0x000000008c200000, 0x000000008c200000| Untracked 
| 127|0x000000008c300000, 0x000000008c300000, 0x000000008c400000|  0%| F|  |TAMS 0x000000008c300000, 0x000000008c300000| Untracked 
| 128|0x000000008c400000, 0x000000008c400000, 0x000000008c500000|  0%| F|  |TAMS 0x000000008c400000, 0x000000008c400000| Untracked 
| 129|0x000000008c500000, 0x000000008c500000, 0x000000008c600000|  0%| F|  |TAMS 0x000000008c500000, 0x000000008c500000| Untracked 
| 130|0x000000008c600000, 0x000000008c600000, 0x000000008c700000|  0%| F|  |TAMS 0x000000008c600000, 0x000000008c600000| Untracked 
| 131|0x000000008c700000, 0x000000008c700000, 0x000000008c800000|  0%| F|  |TAMS 0x000000008c700000, 0x000000008c700000| Untracked 
| 132|0x000000008c800000, 0x000000008c800000, 0x000000008c900000|  0%| F|  |TAMS 0x000000008c800000, 0x000000008c800000| Untracked 
| 133|0x000000008c900000, 0x000000008c900000, 0x000000008ca00000|  0%| F|  |TAMS 0x000000008c900000, 0x000000008c900000| Untracked 
| 134|0x000000008ca00000, 0x000000008ca00000, 0x000000008cb00000|  0%| F|  |TAMS 0x000000008ca00000, 0x000000008ca00000| Untracked 
| 135|0x000000008cb00000, 0x000000008cb00000, 0x000000008cc00000|  0%| F|  |TAMS 0x000000008cb00000, 0x000000008cb00000| Untracked 
| 136|0x000000008cc00000, 0x000000008cc00000, 0x000000008cd00000|  0%| F|  |TAMS 0x000000008cc00000, 0x000000008cc00000| Untracked 
| 137|0x000000008cd00000, 0x000000008cd00000, 0x000000008ce00000|  0%| F|  |TAMS 0x000000008cd00000, 0x000000008cd00000| Untracked 
| 138|0x000000008ce00000, 0x000000008ce00000, 0x000000008cf00000|  0%| F|  |TAMS 0x000000008ce00000, 0x000000008ce00000| Untracked 
| 139|0x000000008cf00000, 0x000000008cf00000, 0x000000008d000000|  0%| F|  |TAMS 0x000000008cf00000, 0x000000008cf00000| Untracked 
| 140|0x000000008d000000, 0x000000008d000000, 0x000000008d100000|  0%| F|  |TAMS 0x000000008d000000, 0x000000008d000000| Untracked 
| 141|0x000000008d100000, 0x000000008d100000, 0x000000008d200000|  0%| F|  |TAMS 0x000000008d100000, 0x000000008d100000| Untracked 
| 142|0x000000008d200000, 0x000000008d200000, 0x000000008d300000|  0%| F|  |TAMS 0x000000008d200000, 0x000000008d200000| Untracked 
| 143|0x000000008d300000, 0x000000008d300000, 0x000000008d400000|  0%| F|  |TAMS 0x000000008d300000, 0x000000008d300000| Untracked 
| 144|0x000000008d400000, 0x000000008d400000, 0x000000008d500000|  0%| F|  |TAMS 0x000000008d400000, 0x000000008d400000| Untracked 
| 145|0x000000008d500000, 0x000000008d500000, 0x000000008d600000|  0%| F|  |TAMS 0x000000008d500000, 0x000000008d500000| Untracked 
| 146|0x000000008d600000, 0x000000008d600000, 0x000000008d700000|  0%| F|  |TAMS 0x000000008d600000, 0x000000008d600000| Untracked 
| 147|0x000000008d700000, 0x000000008d700000, 0x000000008d800000|  0%| F|  |TAMS 0x000000008d700000, 0x000000008d700000| Untracked 
| 148|0x000000008d800000, 0x000000008d800000, 0x000000008d900000|  0%| F|  |TAMS 0x000000008d800000, 0x000000008d800000| Untracked 
| 149|0x000000008d900000, 0x000000008d900000, 0x000000008da00000|  0%| F|  |TAMS 0x000000008d900000, 0x000000008d900000| Untracked 
| 150|0x000000008da00000, 0x000000008da00000, 0x000000008db00000|  0%| F|  |TAMS 0x000000008da00000, 0x000000008da00000| Untracked 
| 151|0x000000008db00000, 0x000000008db00000, 0x000000008dc00000|  0%| F|  |TAMS 0x000000008db00000, 0x000000008db00000| Untracked 
| 152|0x000000008dc00000, 0x000000008dc00000, 0x000000008dd00000|  0%| F|  |TAMS 0x000000008dc00000, 0x000000008dc00000| Untracked 
| 153|0x000000008dd00000, 0x000000008dd00000, 0x000000008de00000|  0%| F|  |TAMS 0x000000008dd00000, 0x000000008dd00000| Untracked 
| 154|0x000000008de00000, 0x000000008de00000, 0x000000008df00000|  0%| F|  |TAMS 0x000000008de00000, 0x000000008de00000| Untracked 
| 155|0x000000008df00000, 0x000000008df00000, 0x000000008e000000|  0%| F|  |TAMS 0x000000008df00000, 0x000000008df00000| Untracked 
| 156|0x000000008e000000, 0x000000008e000000, 0x000000008e100000|  0%| F|  |TAMS 0x000000008e000000, 0x000000008e000000| Untracked 
| 157|0x000000008e100000, 0x000000008e100000, 0x000000008e200000|  0%| F|  |TAMS 0x000000008e100000, 0x000000008e100000| Untracked 
| 158|0x000000008e200000, 0x000000008e200000, 0x000000008e300000|  0%| F|  |TAMS 0x000000008e200000, 0x000000008e200000| Untracked 
| 159|0x000000008e300000, 0x000000008e300000, 0x000000008e400000|  0%| F|  |TAMS 0x000000008e300000, 0x000000008e300000| Untracked 
| 160|0x000000008e400000, 0x000000008e400000, 0x000000008e500000|  0%| F|  |TAMS 0x000000008e400000, 0x000000008e400000| Untracked 
| 161|0x000000008e500000, 0x000000008e500000, 0x000000008e600000|  0%| F|  |TAMS 0x000000008e500000, 0x000000008e500000| Untracked 
| 162|0x000000008e600000, 0x000000008e600000, 0x000000008e700000|  0%| F|  |TAMS 0x000000008e600000, 0x000000008e600000| Untracked 
| 163|0x000000008e700000, 0x000000008e700000, 0x000000008e800000|  0%| F|  |TAMS 0x000000008e700000, 0x000000008e700000| Untracked 
| 164|0x000000008e800000, 0x000000008e800000, 0x000000008e900000|  0%| F|  |TAMS 0x000000008e800000, 0x000000008e800000| Untracked 
| 165|0x000000008e900000, 0x000000008e900000, 0x000000008ea00000|  0%| F|  |TAMS 0x000000008e900000, 0x000000008e900000| Untracked 
| 166|0x000000008ea00000, 0x000000008ea00000, 0x000000008eb00000|  0%| F|  |TAMS 0x000000008ea00000, 0x000000008ea00000| Untracked 
| 167|0x000000008eb00000, 0x000000008eb00000, 0x000000008ec00000|  0%| F|  |TAMS 0x000000008eb00000, 0x000000008eb00000| Untracked 
| 168|0x000000008ec00000, 0x000000008ec00000, 0x000000008ed00000|  0%| F|  |TAMS 0x000000008ec00000, 0x000000008ec00000| Untracked 
| 169|0x000000008ed00000, 0x000000008ed00000, 0x000000008ee00000|  0%| F|  |TAMS 0x000000008ed00000, 0x000000008ed00000| Untracked 
| 170|0x000000008ee00000, 0x000000008ee00000, 0x000000008ef00000|  0%| F|  |TAMS 0x000000008ee00000, 0x000000008ee00000| Untracked 
| 171|0x000000008ef00000, 0x000000008ef76278, 0x000000008f000000| 46%| S|CS|TAMS 0x000000008ef00000, 0x000000008ef00000| Complete 
| 172|0x000000008f000000, 0x000000008f000000, 0x000000008f100000|  0%| F|  |TAMS 0x000000008f000000, 0x000000008f000000| Untracked 
| 173|0x000000008f100000, 0x000000008f100000, 0x000000008f200000|  0%| F|  |TAMS 0x000000008f100000, 0x000000008f100000| Untracked 
| 174|0x000000008f200000, 0x000000008f200000, 0x000000008f300000|  0%| F|  |TAMS 0x000000008f200000, 0x000000008f200000| Untracked 
| 175|0x000000008f300000, 0x000000008f400000, 0x000000008f400000|100%| S|CS|TAMS 0x000000008f300000, 0x000000008f300000| Complete 
| 176|0x000000008f400000, 0x000000008f500000, 0x000000008f500000|100%| S|CS|TAMS 0x000000008f400000, 0x000000008f400000| Complete 
| 177|0x000000008f500000, 0x000000008f600000, 0x000000008f600000|100%| S|CS|TAMS 0x000000008f500000, 0x000000008f500000| Complete 
| 178|0x000000008f600000, 0x000000008f600000, 0x000000008f700000|  0%| F|  |TAMS 0x000000008f600000, 0x000000008f600000| Untracked 
| 179|0x000000008f700000, 0x000000008f700000, 0x000000008f800000|  0%| F|  |TAMS 0x000000008f700000, 0x000000008f700000| Untracked 
| 180|0x000000008f800000, 0x000000008f800000, 0x000000008f900000|  0%| F|  |TAMS 0x000000008f800000, 0x000000008f800000| Untracked 

Card table byte_map: [0x000001d1cc720000,0x000001d1ccb00000] _byte_map_base: 0x000001d1cc2fe000

Marking Bits (Prev, Next): (CMBitMap*) 0x000001d1b57ca3d0, (CMBitMap*) 0x000001d1b57ca410
 Prev Bits: [0x000001d1ccee0000, 0x000001d1cedd0000)
 Next Bits: [0x000001d1cedd0000, 0x000001d1d0cc0000)

Polling page: 0x000001d1b4f40000

Metaspace:

Usage:
  Non-class:      8.38 MB used.
      Class:      1.07 MB used.
       Both:      9.44 MB used.

Virtual space:
  Non-class space:       64.00 MB reserved,       8.44 MB ( 13%) committed,  1 nodes.
      Class space:        1.00 GB reserved,       1.19 MB ( <1%) committed,  1 nodes.
             Both:        1.06 GB reserved,       9.62 MB ( <1%) committed. 

Chunk freelists:
   Non-Class:  7.00 MB
       Class:  14.73 MB
        Both:  21.74 MB

MaxMetaspaceSize: unlimited
CompressedClassSpaceSize: 1.00 GB
Initial GC threshold: 21.00 MB
Current GC threshold: 21.00 MB
CDS: on
MetaspaceReclaimPolicy: balanced
 - commit_granule_bytes: 65536.
 - commit_granule_words: 8192.
 - virtual_space_node_default_size: 8388608.
 - enlarge_chunks_in_place: 1.
 - new_chunks_are_fully_committed: 0.
 - uncommit_free_chunks: 1.
 - use_allocation_guard: 0.
 - handle_deallocations: 1.


Internal statistics:

num_allocs_failed_limit: 0.
num_arena_births: 116.
num_arena_deaths: 0.
num_vsnodes_births: 2.
num_vsnodes_deaths: 0.
num_space_committed: 154.
num_space_uncommitted: 0.
num_chunks_returned_to_freelist: 0.
num_chunks_taken_from_freelist: 183.
num_chunk_merges: 0.
num_chunk_splits: 101.
num_chunks_enlarged: 37.
num_purges: 0.
num_inconsistent_stats: 0.

CodeHeap 'non-profiled nmethods': size=120000Kb used=551Kb max_used=551Kb free=119448Kb
 bounds [0x000001d1c4ae0000, 0x000001d1c4d50000, 0x000001d1cc010000]
CodeHeap 'profiled nmethods': size=120000Kb used=2443Kb max_used=2443Kb free=117556Kb
 bounds [0x000001d1bd010000, 0x000001d1bd280000, 0x000001d1c4540000]
CodeHeap 'non-nmethods': size=5760Kb used=1328Kb max_used=1358Kb free=4431Kb
 bounds [0x000001d1c4540000, 0x000001d1c47b0000, 0x000001d1c4ae0000]
 total_blobs=2120 nmethods=1466 adapters=567
 compilation: enabled
              stopped_count=0, restarted_count=0
 full_count=0

Compilation events (20 events):
Event: 4.013 Thread 0x000001d1d37185f0 1457       3       javax.swing.JComponent::getInsets (23 bytes)
Event: 4.013 Thread 0x000001d1d37185f0 nmethod 1457 0x000001d1bd26db90 code [0x000001d1bd26dd60, 0x000001d1bd26e0d8]
Event: 4.025 Thread 0x000001d1d37185f0 1458       3       sun.java2d.SunGraphics2D::intersectShapes (76 bytes)
Event: 4.026 Thread 0x000001d1d37185f0 nmethod 1458 0x000001d1bd26e210 code [0x000001d1bd26e440, 0x000001d1bd26eff8]
Event: 4.026 Thread 0x000001d1d37185f0 1459       3       sun.awt.image.BufImgSurfaceData::getRenderLoops (26 bytes)
Event: 4.026 Thread 0x000001d1d37185f0 nmethod 1459 0x000001d1bd26f190 code [0x000001d1bd26f340, 0x000001d1bd26f528]
Event: 4.028 Thread 0x000001d1d3717540 1460       4       sun.java2d.loops.GraphicsPrimitiveMgr::locate (104 bytes)
Event: 4.030 Thread 0x000001d1d3717540 nmethod 1460 0x000001d1c4b69890 code [0x000001d1c4b69a20, 0x000001d1c4b69c58]
Event: 4.032 Thread 0x000001d1d37185f0 1461  s    3       javax.swing.RepaintManager::extendDirtyRegion (36 bytes)
Event: 4.032 Thread 0x000001d1d37185f0 nmethod 1461 0x000001d1bd26f610 code [0x000001d1bd26f7e0, 0x000001d1bd26fc58]
Event: 4.032 Thread 0x000001d1d37185f0 1462       3       java.awt.event.ComponentEvent::getComponent (22 bytes)
Event: 4.032 Thread 0x000001d1d37185f0 nmethod 1462 0x000001d1bd26fd90 code [0x000001d1bd26ff40, 0x000001d1bd2702b8]
Event: 4.037 Thread 0x000001d1d37185f0 1463       3       java.awt.image.SinglePixelPackedSampleModel::<init> (243 bytes)
Event: 4.038 Thread 0x000001d1d37185f0 nmethod 1463 0x000001d1bd270390 code [0x000001d1bd270620, 0x000001d1bd271498]
Event: 4.040 Thread 0x000001d1d37185f0 1465       3       java.awt.geom.LineIterator::isDone (14 bytes)
Event: 4.040 Thread 0x000001d1d37185f0 nmethod 1465 0x000001d1bd271a10 code [0x000001d1bd271ba0, 0x000001d1bd271d18]
Event: 4.040 Thread 0x000001d1d37185f0 1464       3       java.awt.Graphics::create (33 bytes)
Event: 4.040 Thread 0x000001d1d37185f0 nmethod 1464 0x000001d1bd271d90 code [0x000001d1bd271f60, 0x000001d1bd272328]
Event: 4.040 Thread 0x000001d1d37185f0 1466       3       sun.swing.SwingUtilities2::getFontCharsWidth (45 bytes)
Event: 4.040 Thread 0x000001d1d37185f0 nmethod 1466 0x000001d1bd272510 code [0x000001d1bd272720, 0x000001d1bd272b88]

GC Heap History (20 events):
Event: 0.580 GC heap after
{Heap after GC invocations=2 (full 0):
 garbage-first heap   total 126976K, used 54507K [0x0000000084400000, 0x0000000100000000)
  region size 1024K, 4 young (4096K), 4 survivors (4096K)
 Metaspace       used 8968K, committed 9216K, reserved 1114112K
  class space    used 1036K, committed 1152K, reserved 1048576K
}
Event: 1.123 GC heap before
{Heap before GC invocations=2 (full 0):
 garbage-first heap   total 126976K, used 61675K [0x0000000084400000, 0x0000000100000000)
  region size 1024K, 6 young (6144K), 4 survivors (4096K)
 Metaspace       used 9181K, committed 9344K, reserved 1114112K
  class space    used 1055K, committed 1152K, reserved 1048576K
}
Event: 1.126 GC heap after
{Heap after GC invocations=3 (full 0):
 garbage-first heap   total 126976K, used 51558K [0x0000000084400000, 0x0000000100000000)
  region size 1024K, 4 young (4096K), 4 survivors (4096K)
 Metaspace       used 9181K, committed 9344K, reserved 1114112K
  class space    used 1055K, committed 1152K, reserved 1048576K
}
Event: 1.648 GC heap before
{Heap before GC invocations=3 (full 0):
 garbage-first heap   total 126976K, used 60774K [0x0000000084400000, 0x0000000100000000)
  region size 1024K, 5 young (5120K), 4 survivors (4096K)
 Metaspace       used 9391K, committed 9600K, reserved 1114112K
  class space    used 1093K, committed 1216K, reserved 1048576K
}
Event: 1.651 GC heap after
{Heap after GC invocations=4 (full 0):
 garbage-first heap   total 126976K, used 54751K [0x0000000084400000, 0x0000000100000000)
  region size 1024K, 4 young (4096K), 4 survivors (4096K)
 Metaspace       used 9391K, committed 9600K, reserved 1114112K
  class space    used 1093K, committed 1216K, reserved 1048576K
}
Event: 1.675 GC heap before
{Heap before GC invocations=4 (full 0):
 garbage-first heap   total 126976K, used 61919K [0x0000000084400000, 0x0000000100000000)
  region size 1024K, 6 young (6144K), 4 survivors (4096K)
 Metaspace       used 9399K, committed 9600K, reserved 1114112K
  class space    used 1093K, committed 1216K, reserved 1048576K
}
Event: 1.678 GC heap after
{Heap after GC invocations=5 (full 0):
 garbage-first heap   total 126976K, used 51584K [0x0000000084400000, 0x0000000100000000)
  region size 1024K, 4 young (4096K), 4 survivors (4096K)
 Metaspace       used 9399K, committed 9600K, reserved 1114112K
  class space    used 1093K, committed 1216K, reserved 1048576K
}
Event: 1.712 GC heap before
{Heap before GC invocations=5 (full 0):
 garbage-first heap   total 126976K, used 60800K [0x0000000084400000, 0x0000000100000000)
  region size 1024K, 5 young (5120K), 4 survivors (4096K)
 Metaspace       used 9442K, committed 9664K, reserved 1114112K
  class space    used 1093K, committed 1216K, reserved 1048576K
}
Event: 1.715 GC heap after
{Heap after GC invocations=6 (full 0):
 garbage-first heap   total 126976K, used 54663K [0x0000000084400000, 0x0000000100000000)
  region size 1024K, 4 young (4096K), 4 survivors (4096K)
 Metaspace       used 9442K, committed 9664K, reserved 1114112K
  class space    used 1093K, committed 1216K, reserved 1048576K
}
Event: 1.743 GC heap before
{Heap before GC invocations=6 (full 0):
 garbage-first heap   total 126976K, used 60807K [0x0000000084400000, 0x0000000100000000)
  region size 1024K, 5 young (5120K), 4 survivors (4096K)
 Metaspace       used 9459K, committed 9664K, reserved 1114112K
  class space    used 1093K, committed 1216K, reserved 1048576K
}
Event: 1.746 GC heap after
{Heap after GC invocations=7 (full 0):
 garbage-first heap   total 185344K, used 51580K [0x0000000084400000, 0x0000000100000000)
  region size 1024K, 4 young (4096K), 4 survivors (4096K)
 Metaspace       used 9459K, committed 9664K, reserved 1114112K
  class space    used 1093K, committed 1216K, reserved 1048576K
}
Event: 1.891 GC heap before
{Heap before GC invocations=7 (full 0):
 garbage-first heap   total 185344K, used 86396K [0x0000000084400000, 0x0000000100000000)
  region size 1024K, 6 young (6144K), 4 survivors (4096K)
 Metaspace       used 9521K, committed 9728K, reserved 1114112K
  class space    used 1093K, committed 1216K, reserved 1048576K
}
Event: 1.894 GC heap after
{Heap after GC invocations=8 (full 0):
 garbage-first heap   total 185344K, used 79433K [0x0000000084400000, 0x0000000100000000)
  region size 1024K, 4 young (4096K), 4 survivors (4096K)
 Metaspace       used 9521K, committed 9728K, reserved 1114112K
  class space    used 1093K, committed 1216K, reserved 1048576K
}
Event: 1.918 GC heap before
{Heap before GC invocations=8 (full 0):
 garbage-first heap   total 185344K, used 85577K [0x0000000084400000, 0x0000000100000000)
  region size 1024K, 5 young (5120K), 4 survivors (4096K)
 Metaspace       used 9526K, committed 9728K, reserved 1114112K
  class space    used 1093K, committed 1216K, reserved 1048576K
}
Event: 1.921 GC heap after
{Heap after GC invocations=9 (full 0):
 garbage-first heap   total 185344K, used 51674K [0x0000000084400000, 0x0000000100000000)
  region size 1024K, 4 young (4096K), 4 survivors (4096K)
 Metaspace       used 9526K, committed 9728K, reserved 1114112K
  class space    used 1093K, committed 1216K, reserved 1048576K
}
Event: 3.856 GC heap before
{Heap before GC invocations=9 (full 0):
 garbage-first heap   total 185344K, used 86490K [0x0000000084400000, 0x0000000100000000)
  region size 1024K, 6 young (6144K), 4 survivors (4096K)
 Metaspace       used 9597K, committed 9792K, reserved 1114112K
  class space    used 1094K, committed 1216K, reserved 1048576K
}
Event: 3.859 GC heap after
{Heap after GC invocations=10 (full 0):
 garbage-first heap   total 185344K, used 79238K [0x0000000084400000, 0x0000000100000000)
  region size 1024K, 4 young (4096K), 4 survivors (4096K)
 Metaspace       used 9597K, committed 9792K, reserved 1114112K
  class space    used 1094K, committed 1216K, reserved 1048576K
}
Event: 3.888 GC heap before
{Heap before GC invocations=10 (full 0):
 garbage-first heap   total 185344K, used 86406K [0x0000000084400000, 0x0000000100000000)
  region size 1024K, 6 young (6144K), 4 survivors (4096K)
 Metaspace       used 9604K, committed 9792K, reserved 1114112K
  class space    used 1094K, committed 1216K, reserved 1048576K
}
Event: 3.890 GC heap after
{Heap after GC invocations=11 (full 0):
 garbage-first heap   total 185344K, used 51768K [0x0000000084400000, 0x0000000100000000)
  region size 1024K, 4 young (4096K), 4 survivors (4096K)
 Metaspace       used 9604K, committed 9792K, reserved 1114112K
  class space    used 1094K, committed 1216K, reserved 1048576K
}
Event: 4.046 GC heap before
{Heap before GC invocations=11 (full 0):
 garbage-first heap   total 185344K, used 86584K [0x0000000084400000, 0x0000000100000000)
  region size 1024K, 6 young (6144K), 4 survivors (4096K)
 Metaspace       used 9671K, committed 9856K, reserved 1114112K
  class space    used 1094K, committed 1216K, reserved 1048576K
}

Deoptimization events (20 events):
Event: 1.690 Thread 0x000001d1d3c07ae0 DEOPT PACKING pc=0x000001d1bd1a85f3 sp=0x00000038d44fd980
Event: 1.690 Thread 0x000001d1d3c07ae0 DEOPT UNPACKING pc=0x000001d1c45966e3 sp=0x00000038d44fcd60 mode 0
Event: 1.701 Thread 0x000001d1d3c07ae0 DEOPT PACKING pc=0x000001d1bd1a85f3 sp=0x00000038d44fd980
Event: 1.701 Thread 0x000001d1d3c07ae0 DEOPT UNPACKING pc=0x000001d1c45966e3 sp=0x00000038d44fcd60 mode 0
Event: 1.702 Thread 0x000001d1d3c07ae0 DEOPT PACKING pc=0x000001d1bd1a85f3 sp=0x00000038d44fd980
Event: 1.702 Thread 0x000001d1d3c07ae0 DEOPT UNPACKING pc=0x000001d1c45966e3 sp=0x00000038d44fcd60 mode 0
Event: 1.715 Thread 0x000001d1d3c07ae0 DEOPT PACKING pc=0x000001d1bd1a85f3 sp=0x00000038d44fd980
Event: 1.715 Thread 0x000001d1d3c07ae0 DEOPT UNPACKING pc=0x000001d1c45966e3 sp=0x00000038d44fcd60 mode 0
Event: 1.716 Thread 0x000001d1d3c07ae0 DEOPT PACKING pc=0x000001d1bd1a85f3 sp=0x00000038d44fd980
Event: 1.716 Thread 0x000001d1d3c07ae0 DEOPT UNPACKING pc=0x000001d1c45966e3 sp=0x00000038d44fcd60 mode 0
Event: 1.728 Thread 0x000001d1d3c07ae0 DEOPT PACKING pc=0x000001d1bd1a85f3 sp=0x00000038d44fd980
Event: 1.728 Thread 0x000001d1d3c07ae0 DEOPT UNPACKING pc=0x000001d1c45966e3 sp=0x00000038d44fcd60 mode 0
Event: 1.728 Thread 0x000001d1d3c07ae0 DEOPT PACKING pc=0x000001d1bd1a85f3 sp=0x00000038d44fd980
Event: 1.728 Thread 0x000001d1d3c07ae0 DEOPT UNPACKING pc=0x000001d1c45966e3 sp=0x00000038d44fcd60 mode 0
Event: 1.747 Thread 0x000001d1d3c07ae0 DEOPT PACKING pc=0x000001d1bd1e376a sp=0x00000038d44fdad0
Event: 1.747 Thread 0x000001d1d3c07ae0 DEOPT UNPACKING pc=0x000001d1c45966e3 sp=0x00000038d44fcee0 mode 0
Event: 1.747 Thread 0x000001d1d3c07ae0 DEOPT PACKING pc=0x000001d1bd1c3742 sp=0x00000038d44fdba0
Event: 1.747 Thread 0x000001d1d3c07ae0 DEOPT UNPACKING pc=0x000001d1c45966e3 sp=0x00000038d44fd050 mode 0
Event: 1.807 Thread 0x000001d1d3c07ae0 DEOPT PACKING pc=0x000001d1bd197d68 sp=0x00000038d44fdce0
Event: 1.807 Thread 0x000001d1d3c07ae0 DEOPT UNPACKING pc=0x000001d1c45966e3 sp=0x00000038d44fd0e0 mode 0

Classes unloaded (0 events):
No events

Classes redefined (0 events):
No events

Internal exceptions (13 events):
Event: 0.063 Thread 0x000001d1b5770540 Exception <a 'java/lang/ClassNotFoundException'{0x000000008be95d78}: sun/awt/resources/spi/awtProvider> (0x000000008be95d78) 
thrown [s\open\src\hotspot\share\classfile\systemDictionary.cpp, line 256]
Event: 0.077 Thread 0x000001d1b5770540 Exception <a 'java/io/FileNotFoundException'{0x000000008beede80}> (0x000000008beede80) 
thrown [s\open\src\hotspot\share\prims\jni.cpp, line 516]
Event: 0.082 Thread 0x000001d1b5770540 Exception <a 'java/io/FileNotFoundException'{0x000000008bd1b2b0}> (0x000000008bd1b2b0) 
thrown [s\open\src\hotspot\share\prims\jni.cpp, line 516]
Event: 0.101 Thread 0x000001d1b5770540 Exception <a 'java/lang/NoSuchMethodError'{0x000000008bd68f68}: 'java.lang.Object java.lang.invoke.DirectMethodHandle$Holder.invokeStaticInit(java.lang.Object)'> (0x000000008bd68f68) 
thrown [s\open\src\hotspot\share\interpreter\linkResolver.cpp, line 759]
Event: 0.119 Thread 0x000001d1b5770540 Exception <a 'java/lang/NoSuchMethodError'{0x000000008bd98b20}: 'void java.lang.invoke.DirectMethodHandle$Holder.invokeSpecial(java.lang.Object, java.lang.Object, java.lang.Object)'> (0x000000008bd98b20) 
thrown [s\open\src\hotspot\share\interpreter\linkResolver.cpp, line 759]
Event: 0.125 Thread 0x000001d1b5770540 Exception <a 'java/lang/NoSuchMethodError'{0x000000008bdaa928}: 'void java.lang.invoke.DirectMethodHandle$Holder.invokeStaticInit(java.lang.Object)'> (0x000000008bdaa928) 
thrown [s\open\src\hotspot\share\interpreter\linkResolver.cpp, line 759]
Event: 0.129 Thread 0x000001d1b5770540 Exception <a 'java/lang/NoSuchMethodError'{0x000000008bdceb40}: 'java.lang.Object java.lang.invoke.DirectMethodHandle$Holder.newInvokeSpecial(java.lang.Object, java.lang.Object, java.lang.Object, java.lang.Object, java.lang.Object)'> (0x000000008bdceb40) 
thrown [s\open\src\hotspot\share\interpreter\linkResolver.cpp, line 759]
Event: 0.129 Thread 0x000001d1b5770540 Exception <a 'java/lang/NoSuchMethodError'{0x000000008bdda260}: 'java.lang.Object java.lang.invoke.DirectMethodHandle$Holder.invokeStatic(java.lang.Object, int, java.lang.Object, java.lang.Object, java.lang.Object, java.lang.Object)'> (0x000000008bdda260) 
thrown [s\open\src\hotspot\share\interpreter\linkResolver.cpp, line 759]
Event: 0.132 Thread 0x000001d1b5770540 Exception <a 'java/lang/NoSuchMethodError'{0x000000008bc13990}: 'java.lang.Object java.lang.invoke.DirectMethodHandle$Holder.invokeStatic(java.lang.Object, int, java.lang.Object)'> (0x000000008bc13990) 
thrown [s\open\src\hotspot\share\interpreter\linkResolver.cpp, line 759]
Event: 0.143 Thread 0x000001d1b5770540 Exception <a 'java/lang/ClassNotFoundException'{0x000000008bc962b0}: com/sun/java/swing/plaf/windows/resources/spi/windowsProvider> (0x000000008bc962b0) 
thrown [s\open\src\hotspot\share\classfile\systemDictionary.cpp, line 256]
Event: 0.143 Thread 0x000001d1b5770540 Exception <a 'java/lang/ClassNotFoundException'{0x000000008bc9a1d8}: com/sun/swing/internal/plaf/basic/resources/spi/basicProvider> (0x000000008bc9a1d8) 
thrown [s\open\src\hotspot\share\classfile\systemDictionary.cpp, line 256]
Event: 0.216 Thread 0x000001d1d3c56b40 Exception <a 'java/lang/NoSuchMethodError'{0x000000008baf0b98}: 'java.lang.Object java.lang.invoke.DirectMethodHandle$Holder.newInvokeSpecial(java.lang.Object, java.lang.Object, java.lang.Object, int, int, int, int, int)'> (0x000000008baf0b98) 
thrown [s\open\src\hotspot\share\interpreter\linkResolver.cpp, line 759]
Event: 0.405 Thread 0x000001d1d3b82c80 Exception <a 'java/lang/NoSuchMethodError'{0x000000008ad5fb20}: 'void java.lang.invoke.DirectMethodHandle$Holder.invokeVirtual(java.lang.Object, java.lang.Object)'> (0x000000008ad5fb20) 
thrown [s\open\src\hotspot\share\interpreter\linkResolver.cpp, line 759]

VM Operations (20 events):
Event: 1.126 Executing VM operation: G1TryInitiateConcMark done
Event: 1.648 Executing VM operation: G1TryInitiateConcMark
Event: 1.651 Executing VM operation: G1TryInitiateConcMark done
Event: 1.675 Executing VM operation: G1TryInitiateConcMark
Event: 1.678 Executing VM operation: G1TryInitiateConcMark done
Event: 1.712 Executing VM operation: G1TryInitiateConcMark
Event: 1.715 Executing VM operation: G1TryInitiateConcMark done
Event: 1.743 Executing VM operation: G1TryInitiateConcMark
Event: 1.746 Executing VM operation: G1TryInitiateConcMark done
Event: 1.891 Executing VM operation: G1TryInitiateConcMark
Event: 1.894 Executing VM operation: G1TryInitiateConcMark done
Event: 1.918 Executing VM operation: G1TryInitiateConcMark
Event: 1.921 Executing VM operation: G1TryInitiateConcMark done
Event: 2.931 Executing VM operation: Cleanup
Event: 2.931 Executing VM operation: Cleanup done
Event: 3.856 Executing VM operation: G1TryInitiateConcMark
Event: 3.859 Executing VM operation: G1TryInitiateConcMark done
Event: 3.887 Executing VM operation: G1TryInitiateConcMark
Event: 3.891 Executing VM operation: G1TryInitiateConcMark done
Event: 4.046 Executing VM operation: G1TryInitiateConcMark

Events (20 events):
Event: 1.594 loading class javax/swing/JViewport
Event: 1.595 loading class javax/swing/JViewport done
Event: 1.595 loading class javax/swing/text/AbstractDocument$UndoRedoDocumentEvent
Event: 1.595 loading class javax/swing/text/AbstractDocument$UndoRedoDocumentEvent done
Event: 1.595 loading class javax/swing/text/DefaultCaret$1
Event: 1.595 loading class javax/swing/text/DefaultCaret$1 done
Event: 1.595 loading class javax/swing/event/UndoableEditEvent
Event: 1.595 loading class javax/swing/event/UndoableEditEvent done
Event: 1.595 loading class javax/swing/text/AbstractDocument$DefaultDocumentEventUndoableWrapper
Event: 1.595 loading class sun/swing/text/UndoableEditLockSupport
Event: 1.595 loading class sun/swing/text/UndoableEditLockSupport done
Event: 1.595 loading class javax/swing/text/AbstractDocument$DefaultDocumentEventUndoableWrapper done
Event: 1.595 loading class javax/swing/event/UndoableEditListener
Event: 1.595 loading class javax/swing/event/UndoableEditListener done
Event: 1.595 loading class javax/swing/RepaintManager$3
Event: 1.595 loading class javax/swing/RepaintManager$3 done
Event: 1.599 loading class com/sun/java/swing/plaf/windows/WindowsTextFieldUI$WindowsFieldCaret$SafeScroller
Event: 1.599 loading class com/sun/java/swing/plaf/windows/WindowsTextFieldUI$WindowsFieldCaret$SafeScroller done
Event: 1.955 loading class java/lang/NoSuchFieldError
Event: 1.955 loading class java/lang/NoSuchFieldError done


Dynamic libraries:
0x00007ff6a5200000 - 0x00007ff6a5210000 	C:\Program Files\Java\jdk-17\bin\java.exe
0x00007ffa10c30000 - 0x00007ffa10e47000 	C:\WINDOWS\SYSTEM32\ntdll.dll
0x00007ffa0fe50000 - 0x00007ffa0ff14000 	C:\WINDOWS\System32\KERNEL32.DLL
0x00007ffa0e560000 - 0x00007ffa0e906000 	C:\WINDOWS\System32\KERNELBASE.dll
0x00007ffa0e220000 - 0x00007ffa0e331000 	C:\WINDOWS\System32\ucrtbase.dll
0x00007ff9dabf0000 - 0x00007ff9dac0b000 	C:\Program Files\Java\jdk-17\bin\VCRUNTIME140.dll
0x00007ff9da350000 - 0x00007ff9da369000 	C:\Program Files\Java\jdk-17\bin\jli.dll
0x00007ffa10920000 - 0x00007ffa109d3000 	C:\WINDOWS\System32\ADVAPI32.dll
0x00007ffa10730000 - 0x00007ffa107d7000 	C:\WINDOWS\System32\msvcrt.dll
0x00007ffa10b40000 - 0x00007ffa10be8000 	C:\WINDOWS\System32\sechost.dll
0x00007ffa0e1f0000 - 0x00007ffa0e218000 	C:\WINDOWS\System32\bcrypt.dll
0x00007ffa0f3d0000 - 0x00007ffa0f4e7000 	C:\WINDOWS\System32\RPCRT4.dll
0x00007ffa0f640000 - 0x00007ffa0f7ee000 	C:\WINDOWS\System32\USER32.dll
0x00007ff9f3b60000 - 0x00007ff9f3df3000 	C:\WINDOWS\WinSxS\amd64_microsoft.windows.common-controls_6595b64144ccf1df_6.0.22621.2506_none_270c5ae97388e100\COMCTL32.dll
0x00007ffa0e4b0000 - 0x00007ffa0e4d6000 	C:\WINDOWS\System32\win32u.dll
0x00007ffa0fe10000 - 0x00007ffa0fe39000 	C:\WINDOWS\System32\GDI32.dll
0x00007ffa0df70000 - 0x00007ffa0e088000 	C:\WINDOWS\System32\gdi32full.dll
0x00007ffa0e150000 - 0x00007ffa0e1ea000 	C:\WINDOWS\System32\msvcp_win.dll
0x00007ff9fab70000 - 0x00007ff9fab7a000 	C:\WINDOWS\SYSTEM32\VERSION.dll
0x00007ffa0e980000 - 0x00007ffa0e9b1000 	C:\WINDOWS\System32\IMM32.DLL
0x00007ff9eea10000 - 0x00007ff9eea1c000 	C:\Program Files\Java\jdk-17\bin\vcruntime140_1.dll
0x00007ff9ccd90000 - 0x00007ff9cce1e000 	C:\Program Files\Java\jdk-17\bin\msvcp140.dll
0x00007ff9caad0000 - 0x00007ff9cb6ae000 	C:\Program Files\Java\jdk-17\bin\server\jvm.dll
0x00007ffa10000000 - 0x00007ffa10008000 	C:\WINDOWS\System32\PSAPI.DLL
0x00007ffa061c0000 - 0x00007ffa061c9000 	C:\WINDOWS\SYSTEM32\WSOCK32.dll
0x00007ffa064c0000 - 0x00007ffa064f4000 	C:\WINDOWS\SYSTEM32\WINMM.dll
0x00007ffa0f560000 - 0x00007ffa0f5d1000 	C:\WINDOWS\System32\WS2_32.dll
0x00007ffa0d060000 - 0x00007ffa0d078000 	C:\WINDOWS\SYSTEM32\kernel.appcore.dll
0x00007ff9ee950000 - 0x00007ff9ee95a000 	C:\Program Files\Java\jdk-17\bin\jimage.dll
0x00007ffa0b850000 - 0x00007ffa0ba83000 	C:\WINDOWS\SYSTEM32\DBGHELP.DLL
0x00007ffa10070000 - 0x00007ffa103f9000 	C:\WINDOWS\System32\combase.dll
0x00007ffa0ff20000 - 0x00007ffa0fff7000 	C:\WINDOWS\System32\OLEAUT32.dll
0x00007ffa06480000 - 0x00007ffa064b2000 	C:\WINDOWS\SYSTEM32\dbgcore.DLL
0x00007ffa0e4e0000 - 0x00007ffa0e55a000 	C:\WINDOWS\System32\bcryptPrimitives.dll
0x00007ff9d5e90000 - 0x00007ff9d5eb5000 	C:\Program Files\Java\jdk-17\bin\java.dll
0x00007ff9d5db0000 - 0x00007ff9d5e87000 	C:\Program Files\Java\jdk-17\bin\jsvml.dll
0x00007ffa0ea50000 - 0x00007ffa0f2ab000 	C:\WINDOWS\System32\SHELL32.dll
0x00007ffa0be80000 - 0x00007ffa0c776000 	C:\WINDOWS\SYSTEM32\windows.storage.dll
0x00007ffa0bd40000 - 0x00007ffa0be7e000 	C:\WINDOWS\SYSTEM32\wintypes.dll
0x00007ffa0f2d0000 - 0x00007ffa0f3c3000 	C:\WINDOWS\System32\SHCORE.dll
0x00007ffa106d0000 - 0x00007ffa1072e000 	C:\WINDOWS\System32\shlwapi.dll
0x00007ffa0dea0000 - 0x00007ffa0dec6000 	C:\WINDOWS\SYSTEM32\profapi.dll
0x00007ff9da6c0000 - 0x00007ff9da6d9000 	C:\Program Files\Java\jdk-17\bin\net.dll
0x00007ffa05080000 - 0x00007ffa051b7000 	C:\WINDOWS\SYSTEM32\WINHTTP.dll
0x00007ffa0d4e0000 - 0x00007ffa0d549000 	C:\WINDOWS\system32\mswsock.dll
0x00007ff9da000000 - 0x00007ff9da016000 	C:\Program Files\Java\jdk-17\bin\nio.dll
0x00007ff9d9ab0000 - 0x00007ff9d9ac8000 	C:\Program Files\Java\jdk-17\bin\zip.dll
0x00007ff9d22e0000 - 0x00007ff9d2471000 	C:\Program Files\Java\jdk-17\bin\awt.dll
0x00007ffa08820000 - 0x00007ffa088b7000 	C:\WINDOWS\SYSTEM32\apphelp.dll
0x00007ffa088e0000 - 0x00007ffa0898b000 	C:\WINDOWS\system32\uxtheme.dll
0x00007ffa109e0000 - 0x00007ffa10b31000 	C:\WINDOWS\System32\MSCTF.dll
0x00007ffa0fc70000 - 0x00007ffa0fe10000 	C:\WINDOWS\System32\ole32.dll
0x00007ffa08c00000 - 0x00007ffa08c2b000 	C:\WINDOWS\system32\DWMAPI.DLL
0x00007ff9edc80000 - 0x00007ff9edd80000 	C:\WINDOWS\system32\opengl32.dll
0x00007ff9ee5e0000 - 0x00007ff9ee60d000 	C:\WINDOWS\SYSTEM32\GLU32.dll
0x00007ffa089c0000 - 0x00007ffa089f9000 	C:\WINDOWS\SYSTEM32\dxcore.dll
0x00007ff9cbfa0000 - 0x00007ff9cc026000 	C:\Program Files\Java\jdk-17\bin\freetype.dll
0x00007ff9cbd30000 - 0x00007ff9cbe03000 	C:\Program Files\Java\jdk-17\bin\fontmanager.dll
0x00007ff9e2f70000 - 0x00007ff9e2f9e000 	C:\Program Files\Java\jdk-17\bin\javajpeg.dll
0x00007ff9ee750000 - 0x00007ff9ee760000 	C:\Program Files\Java\jdk-17\bin\verify.dll
0x00007ffa10870000 - 0x00007ffa10920000 	C:\WINDOWS\System32\clbcatq.dll
0x00007ffa06ca0000 - 0x00007ffa06e50000 	C:\WINDOWS\SYSTEM32\WindowsCodecs.dll
0x00007ff9e8190000 - 0x00007ff9e81ee000 	C:\WINDOWS\system32\dataexchange.dll
0x00007ffa02f50000 - 0x00007ffa031d7000 	C:\WINDOWS\system32\twinapi.appcore.dll
0x00007ff9ff770000 - 0x00007ff9ff8ba000 	C:\WINDOWS\SYSTEM32\textinputframework.dll
0x00007ff9f3af0000 - 0x00007ff9f3b59000 	C:\WINDOWS\system32\Oleacc.dll
0x00007ff9ea900000 - 0x00007ff9ea94b000 	C:\WINDOWS\system32\ApplicationTargetedFeatureDatabase.dll
0x00007ff9d5fb0000 - 0x00007ff9d602f000 	C:\Program Files\Java\jdk-17\bin\mlib_image.dll
0x00007ffa08020000 - 0x00007ffa08154000 	C:\WINDOWS\SYSTEM32\CoreMessaging.dll
0x00007ffa052e0000 - 0x00007ffa0564c000 	C:\WINDOWS\SYSTEM32\CoreUIComponents.dll
0x00007ffa0d740000 - 0x00007ffa0d74c000 	C:\WINDOWS\SYSTEM32\CRYPTBASE.DLL

dbghelp: loaded successfully - version: 4.0.5 - missing functions: none
symbol engine: initialized successfully - sym options: 0x614 - pdb path: .;C:\Program Files\Java\jdk-17\bin;C:\WINDOWS\SYSTEM32;C:\WINDOWS\WinSxS\amd64_microsoft.windows.common-controls_6595b64144ccf1df_6.0.22621.2506_none_270c5ae97388e100;C:\Program Files\Java\jdk-17\bin\server

VM Arguments:
jvm_args: -Dfile.encoding=UTF-8 
java_command: Forms.Login
java_class_path (initial): C:\Users\Hoang Khanh Hung\Desktop\Code & Simulation\Java-jar\TimingFramework-0.55.jar;C:\Users\Hoang Khanh Hung\Desktop\Code & Simulation\Java-jar\common-image-3.9.4.jar;C:\Users\Hoang Khanh Hung\Desktop\Code & Simulation\Java-jar\jcalendar-1.2.2.jar;C:\Users\Hoang Khanh Hung\Desktop\Code & Simulation\Java-jar\miglayout-4.0.jar;C:\Users\Hoang Khanh Hung\Desktop\Code & Simulation\Java-jar\mysql-connector-j-8.2.0\mysql-connector-j-8.2.0.jar;C:\Users\Hoang Khanh Hung\Desktop\Code\final\build\classes
Launcher Type: SUN_STANDARD

[Global flags]
     intx CICompilerCount                          = 4                                         {product} {ergonomic}
     uint ConcGCThreads                            = 2                                         {product} {ergonomic}
     uint G1ConcRefinementThreads                  = 8                                         {product} {ergonomic}
   size_t G1HeapRegionSize                         = 1048576                                   {product} {ergonomic}
    uintx GCDrainStackTargetSize                   = 64                                        {product} {ergonomic}
   size_t InitialHeapSize                          = 130023424                                 {product} {ergonomic}
   size_t MarkStackSize                            = 4194304                                   {product} {ergonomic}
   size_t MaxHeapSize                              = 2076180480                                {product} {ergonomic}
   size_t MaxNewSize                               = 1245708288                                {product} {ergonomic}
   size_t MinHeapDeltaBytes                        = 1048576                                   {product} {ergonomic}
   size_t MinHeapSize                              = 8388608                                   {product} {ergonomic}
    uintx NonNMethodCodeHeapSize                   = 5839372                                {pd product} {ergonomic}
    uintx NonProfiledCodeHeapSize                  = 122909434                              {pd product} {ergonomic}
    uintx ProfiledCodeHeapSize                     = 122909434                              {pd product} {ergonomic}
    uintx ReservedCodeCacheSize                    = 251658240                              {pd product} {ergonomic}
     bool SegmentedCodeCache                       = true                                      {product} {ergonomic}
   size_t SoftMaxHeapSize                          = 2076180480                             {manageable} {ergonomic}
     bool UseCompressedClassPointers               = true                           {product lp64_product} {ergonomic}
     bool UseCompressedOops                        = true                           {product lp64_product} {ergonomic}
     bool UseG1GC                                  = true                                      {product} {ergonomic}
     bool UseLargePagesIndividualAllocation        = false                                  {pd product} {ergonomic}

Logging:
Log output configuration:
 #0: stdout all=warning uptime,level,tags
 #1: stderr all=off uptime,level,tags

Environment Variables:
PATH=C:\Program Files\Common Files\Oracle\Java\javapath;C:\Windows\system32;C:\Windows;C:\Windows\System32\Wbem;C:\Windows\System32\WindowsPowerShell\v1.0\;C:\Windows\System32\OpenSSH\;C:\WINDOWS\system32;C:\WINDOWS;C:\WINDOWS\System32\Wbem;C:\WINDOWS\System32\WindowsPowerShell\v1.0\;C:\WINDOWS\System32\OpenSSH\;C:\Program Files\dotnet\;C:\Program Files (x86)\NVIDIA Corporation\PhysX\Common;C:\Program Files\MATLAB\R2022b\bin;C:\Program Files\Cloudflare\Cloudflare WARP\;C:\Program Files\NVIDIA Corporation\NVIDIA NvDLISR;C:\Python\Scripts\;C:\Python\;C:\Program Files\Java\jdk-21\bin;C:\msys64\mingw64\bin;C:\Users\Hoang Khanh Hung\AppData\Local\Programs\Microsoft VS Code\bin
USERNAME=Hoang Khanh Hung
OS=Windows_NT
PROCESSOR_IDENTIFIER=Intel64 Family 6 Model 140 Stepping 1, GenuineIntel



---------------  S Y S T E M  ---------------

OS:
 Windows 11 , 64 bit Build 22621 (10.0.22621.3078)
OS uptime: 1 days 11:50 hours
Hyper-V role detected

CPU: total 8 (initial active 8) (4 cores per cpu, 2 threads per core) family 6 model 140 stepping 1 microcode 0xb4, cx8, cmov, fxsr, ht, mmx, 3dnowpref, sse, sse2, sse3, ssse3, sse4.1, sse4.2, popcnt, lzcnt, tsc, tscinvbit, avx, avx2, aes, erms, clmul, bmi1, bmi2, adx, avx512f, avx512dq, avx512cd, avx512bw, avx512vl, sha, fma, vzeroupper, avx512_vpopcntdq, avx512_vpclmulqdq, avx512_vaes, avx512_vnni, clflush, clflushopt, clwb, avx512_vbmi2, avx512_vbmi, hv

Memory: 4k page, system-wide physical 7914M (264M free)
TotalPageFile size 12010M (AvailPageFile size 86M)
current process WorkingSet (physical memory assigned to process): 194M, peak: 199M
current process commit charge ("private bytes"): 298M, peak: 435M

vm_info: Java HotSpot(TM) 64-Bit Server VM (17.0.8+9-LTS-211) for windows-amd64 JRE (17.0.8+9-LTS-211), built on Jun 14 2023 10:34:31 by "mach5one" with MS VC++ 17.1 (VS2022)

END.
